<?xml version="1.0" encoding="UTF-8"?>
<!-- Generated by org.testng.reporters.JUnitReportReporter -->
<testsuite hostname="VM-Lab34-1-440" failures="0" tests="5" name="ZebraPackage.TestRunnerClass" time="30.237" errors="0" timestamp="2025-02-21T06:18:03 UTC" skipped="0">
  <testcase classname="ZebraPackage.TestRunnerClass" name="runScenario" time="3.399"/>
  <testcase classname="ZebraPackage.TestRunnerClass" name="runScenario" time="5.620"/>
  <testcase classname="ZebraPackage.TestRunnerClass" name="runScenario" time="7.683"/>
  <testcase classname="ZebraPackage.TestRunnerClass" name="runScenario" time="5.779"/>
  <testcase classname="ZebraPackage.TestRunnerClass" name="runScenario" time="7.756"/>
</testsuite> <!-- ZebraPackage.TestRunnerClass -->
