<?xml version="1.0" encoding="UTF-8"?>
<!-- Generated by org.testng.reporters.JUnitReportReporter -->
<testsuite hostname="VM-Lab34-1-440" failures="0" tests="5" name="TestNGpackage.ZebraClass" time="37.079" errors="0" timestamp="2025-02-17T05:50:07 UTC" skipped="0">
  <testcase classname="TestNGpackage.ZebraClass" name="closePopupAndTakeHomepageScreenshot" time="1.591"/>
  <system-out/>
  <testcase classname="TestNGpackage.ZebraClass" name="navigateToDifferentSections" time="5.198"/>
  <system-out/>
  <testcase classname="TestNGpackage.ZebraClass" name="searchPartnerByABC" time="18.220"/>
  <system-out/>
  <testcase classname="TestNGpackage.ZebraClass" name="searchPartnerByWave" time="11.772"/>
  <system-out/>
  <testcase classname="TestNGpackage.ZebraClass" name="fillPartnerContactForm" time="0.298"/>
  <system-out/>
</testsuite> <!-- TestNGpackage.ZebraClass -->
