<?xml version="1.0" encoding="UTF-8"?>
<!-- Generated by org.testng.reporters.JUnitReportReporter -->
<testsuite hostname="VM-Lab34-1-440" failures="0" tests="5" name="TestNGpackage.ZebraMainClass" time="62.285" errors="0" timestamp="2025-02-17T03:50:03 UTC" skipped="0">
  <testcase classname="TestNGpackage.ZebraMainClass" name="closePopupAndTakeHomepageScreenshot" time="2.031"/>
  <system-out/>
  <testcase classname="TestNGpackage.ZebraMainClass" name="navigateToDifferentSections" time="9.916"/>
  <system-out/>
  <testcase classname="TestNGpackage.ZebraMainClass" name="searchPartnerByABC" time="21.901"/>
  <system-out/>
  <testcase classname="TestNGpackage.ZebraMainClass" name="searchPartnerByWave" time="12.328"/>
  <system-out/>
  <testcase classname="TestNGpackage.ZebraMainClass" name="fillPartnerContactForm" time="16.109"/>
  <system-out/>
</testsuite> <!-- TestNGpackage.ZebraMainClass -->
